{"C:\\Users\\Zora\\VinoVoyage\\VinoVoyage\\server\\index.js": {"path":"C:\\Users\\Zora\\VinoVoyage\\VinoVoyage\\server\\index.js","statementMap":{"0":{"start":{"line":1,"column":16},"end":{"line":1,"column":34}},"1":{"start":{"line":2,"column":13},"end":{"line":2,"column":28}},"2":{"start":{"line":3,"column":15},"end":{"line":3,"column":34}},"3":{"start":{"line":4,"column":15},"end":{"line":4,"column":34}},"4":{"start":{"line":6,"column":12},"end":{"line":6,"column":21}},"5":{"start":{"line":7,"column":0},"end":{"line":9,"column":4}},"6":{"start":{"line":13,"column":0},"end":{"line":13,"column":34}},"7":{"start":{"line":14,"column":0},"end":{"line":14,"column":37}},"8":{"start":{"line":15,"column":0},"end":{"line":15,"column":42}},"9":{"start":{"line":16,"column":0},"end":{"line":16,"column":40}},"10":{"start":{"line":17,"column":0},"end":{"line":17,"column":46}},"11":{"start":{"line":18,"column":0},"end":{"line":18,"column":46}},"12":{"start":{"line":19,"column":0},"end":{"line":19,"column":46}},"13":{"start":{"line":20,"column":0},"end":{"line":20,"column":50}},"14":{"start":{"line":21,"column":0},"end":{"line":21,"column":48}},"15":{"start":{"line":22,"column":0},"end":{"line":22,"column":48}},"16":{"start":{"line":23,"column":0},"end":{"line":23,"column":46}},"17":{"start":{"line":26,"column":0},"end":{"line":28,"column":3}},"18":{"start":{"line":27,"column":2},"end":{"line":27,"column":86}},"19":{"start":{"line":30,"column":0},"end":{"line":30,"column":21}}},"fnMap":{"0":{"name":"(anonymous_0)","decl":{"start":{"line":26,"column":31},"end":{"line":26,"column":32}},"loc":{"start":{"line":26,"column":37},"end":{"line":28,"column":1}},"line":26}},"branchMap":{},"s":{"0":1,"1":1,"2":1,"3":1,"4":1,"5":1,"6":1,"7":1,"8":1,"9":1,"10":1,"11":1,"12":1,"13":1,"14":1,"15":1,"16":1,"17":1,"18":1,"19":1},"f":{"0":1},"b":{},"_coverageSchema":"1a1c01bbd47fc00a2c39e90264f33305004495a9","hash":"4e943f0ca58a126fcf0280bf43d3519423d63858"}
,"C:\\Users\\Zora\\VinoVoyage\\VinoVoyage\\server\\routes.js": {"path":"C:\\Users\\Zora\\VinoVoyage\\VinoVoyage\\server\\routes.js","statementMap":{"0":{"start":{"line":1,"column":14},"end":{"line":1,"column":30}},"1":{"start":{"line":2,"column":15},"end":{"line":2,"column":39}},"2":{"start":{"line":6,"column":19},"end":{"line":12,"column":2}},"3":{"start":{"line":13,"column":0},"end":{"line":13,"column":53}},"4":{"start":{"line":13,"column":28},"end":{"line":13,"column":51}},"5":{"start":{"line":18,"column":15},"end":{"line":32,"column":1}},"6":{"start":{"line":19,"column":2},"end":{"line":31,"column":5}},"7":{"start":{"line":22,"column":4},"end":{"line":30,"column":5}},"8":{"start":{"line":23,"column":6},"end":{"line":23,"column":23}},"9":{"start":{"line":24,"column":6},"end":{"line":24,"column":19}},"10":{"start":{"line":26,"column":6},"end":{"line":29,"column":9}},"11":{"start":{"line":35,"column":13},"end":{"line":45,"column":1}},"12":{"start":{"line":36,"column":16},"end":{"line":36,"column":32}},"13":{"start":{"line":37,"column":2},"end":{"line":44,"column":5}},"14":{"start":{"line":38,"column":4},"end":{"line":43,"column":5}},"15":{"start":{"line":39,"column":6},"end":{"line":39,"column":23}},"16":{"start":{"line":40,"column":6},"end":{"line":40,"column":19}},"17":{"start":{"line":42,"column":6},"end":{"line":42,"column":24}},"18":{"start":{"line":49,"column":19},"end":{"line":57,"column":1}},"19":{"start":{"line":50,"column":2},"end":{"line":56,"column":5}},"20":{"start":{"line":55,"column":6},"end":{"line":55,"column":21}},"21":{"start":{"line":60,"column":18},"end":{"line":85,"column":1}},"22":{"start":{"line":61,"column":15},"end":{"line":61,"column":29}},"23":{"start":{"line":62,"column":19},"end":{"line":62,"column":44}},"24":{"start":{"line":64,"column":2},"end":{"line":84,"column":3}},"25":{"start":{"line":65,"column":4},"end":{"line":72,"column":7}},"26":{"start":{"line":66,"column":6},"end":{"line":71,"column":7}},"27":{"start":{"line":67,"column":8},"end":{"line":67,"column":25}},"28":{"start":{"line":68,"column":8},"end":{"line":68,"column":21}},"29":{"start":{"line":70,"column":8},"end":{"line":70,"column":23}},"30":{"start":{"line":74,"column":4},"end":{"line":81,"column":7}},"31":{"start":{"line":75,"column":6},"end":{"line":80,"column":7}},"32":{"start":{"line":76,"column":8},"end":{"line":76,"column":25}},"33":{"start":{"line":77,"column":8},"end":{"line":77,"column":21}},"34":{"start":{"line":79,"column":8},"end":{"line":79,"column":23}},"35":{"start":{"line":89,"column":21},"end":{"line":106,"column":1}},"36":{"start":{"line":90,"column":18},"end":{"line":90,"column":39}},"37":{"start":{"line":91,"column":24},"end":{"line":91,"column":57}},"38":{"start":{"line":92,"column":24},"end":{"line":92,"column":59}},"39":{"start":{"line":93,"column":23},"end":{"line":93,"column":55}},"40":{"start":{"line":94,"column":23},"end":{"line":94,"column":58}},"41":{"start":{"line":95,"column":24},"end":{"line":95,"column":51}},"42":{"start":{"line":97,"column":4},"end":{"line":105,"column":7}},"43":{"start":{"line":99,"column":6},"end":{"line":104,"column":7}},"44":{"start":{"line":100,"column":8},"end":{"line":100,"column":25}},"45":{"start":{"line":101,"column":8},"end":{"line":101,"column":21}},"46":{"start":{"line":103,"column":8},"end":{"line":103,"column":23}},"47":{"start":{"line":110,"column":21},"end":{"line":115,"column":1}},"48":{"start":{"line":111,"column":2},"end":{"line":114,"column":5}},"49":{"start":{"line":113,"column":6},"end":{"line":113,"column":21}},"50":{"start":{"line":118,"column":21},"end":{"line":122,"column":1}},"51":{"start":{"line":119,"column":2},"end":{"line":121,"column":5}},"52":{"start":{"line":120,"column":6},"end":{"line":120,"column":21}},"53":{"start":{"line":125,"column":23},"end":{"line":205,"column":1}},"54":{"start":{"line":127,"column":19},"end":{"line":137,"column":3}},"55":{"start":{"line":128,"column":4},"end":{"line":136,"column":7}},"56":{"start":{"line":129,"column":6},"end":{"line":135,"column":9}},"57":{"start":{"line":130,"column":8},"end":{"line":134,"column":9}},"58":{"start":{"line":131,"column":10},"end":{"line":131,"column":22}},"59":{"start":{"line":133,"column":10},"end":{"line":133,"column":26}},"60":{"start":{"line":139,"column":2},"end":{"line":204,"column":3}},"61":{"start":{"line":141,"column":4},"end":{"line":148,"column":5}},"62":{"start":{"line":142,"column":6},"end":{"line":142,"column":68}},"63":{"start":{"line":144,"column":6},"end":{"line":146,"column":7}},"64":{"start":{"line":145,"column":8},"end":{"line":145,"column":18}},"65":{"start":{"line":147,"column":6},"end":{"line":147,"column":57}},"66":{"start":{"line":150,"column":4},"end":{"line":157,"column":5}},"67":{"start":{"line":151,"column":6},"end":{"line":151,"column":59}},"68":{"start":{"line":153,"column":6},"end":{"line":155,"column":7}},"69":{"start":{"line":154,"column":8},"end":{"line":154,"column":18}},"70":{"start":{"line":156,"column":6},"end":{"line":156,"column":57}},"71":{"start":{"line":159,"column":4},"end":{"line":159,"column":51}},"72":{"start":{"line":160,"column":4},"end":{"line":160,"column":53}},"73":{"start":{"line":163,"column":4},"end":{"line":172,"column":6}},"74":{"start":{"line":175,"column":4},"end":{"line":180,"column":9}},"75":{"start":{"line":183,"column":17},"end":{"line":192,"column":6}},"76":{"start":{"line":195,"column":4},"end":{"line":195,"column":19}},"77":{"start":{"line":199,"column":4},"end":{"line":199,"column":53}},"78":{"start":{"line":200,"column":4},"end":{"line":200,"column":51}},"79":{"start":{"line":202,"column":4},"end":{"line":202,"column":37}},"80":{"start":{"line":203,"column":4},"end":{"line":203,"column":17}},"81":{"start":{"line":208,"column":22},"end":{"line":268,"column":1}},"82":{"start":{"line":210,"column":19},"end":{"line":220,"column":3}},"83":{"start":{"line":211,"column":4},"end":{"line":219,"column":7}},"84":{"start":{"line":212,"column":6},"end":{"line":218,"column":9}},"85":{"start":{"line":213,"column":8},"end":{"line":217,"column":9}},"86":{"start":{"line":214,"column":10},"end":{"line":214,"column":22}},"87":{"start":{"line":216,"column":10},"end":{"line":216,"column":26}},"88":{"start":{"line":222,"column":2},"end":{"line":267,"column":3}},"89":{"start":{"line":224,"column":4},"end":{"line":231,"column":5}},"90":{"start":{"line":225,"column":6},"end":{"line":225,"column":83}},"91":{"start":{"line":227,"column":6},"end":{"line":229,"column":7}},"92":{"start":{"line":228,"column":8},"end":{"line":228,"column":18}},"93":{"start":{"line":230,"column":6},"end":{"line":230,"column":57}},"94":{"start":{"line":234,"column":4},"end":{"line":244,"column":7}},"95":{"start":{"line":247,"column":17},"end":{"line":256,"column":6}},"96":{"start":{"line":259,"column":4},"end":{"line":259,"column":19}},"97":{"start":{"line":263,"column":4},"end":{"line":263,"column":54}},"98":{"start":{"line":265,"column":4},"end":{"line":265,"column":37}},"99":{"start":{"line":266,"column":4},"end":{"line":266,"column":17}},"100":{"start":{"line":270,"column":22},"end":{"line":368,"column":1}},"101":{"start":{"line":272,"column":19},"end":{"line":282,"column":3}},"102":{"start":{"line":273,"column":4},"end":{"line":281,"column":7}},"103":{"start":{"line":274,"column":6},"end":{"line":280,"column":9}},"104":{"start":{"line":275,"column":8},"end":{"line":279,"column":9}},"105":{"start":{"line":276,"column":10},"end":{"line":276,"column":22}},"106":{"start":{"line":278,"column":10},"end":{"line":278,"column":26}},"107":{"start":{"line":284,"column":2},"end":{"line":367,"column":3}},"108":{"start":{"line":286,"column":4},"end":{"line":294,"column":5}},"109":{"start":{"line":287,"column":6},"end":{"line":288,"column":38}},"110":{"start":{"line":290,"column":6},"end":{"line":292,"column":7}},"111":{"start":{"line":291,"column":8},"end":{"line":291,"column":18}},"112":{"start":{"line":293,"column":6},"end":{"line":293,"column":57}},"113":{"start":{"line":297,"column":4},"end":{"line":297,"column":56}},"114":{"start":{"line":298,"column":4},"end":{"line":298,"column":54}},"115":{"start":{"line":301,"column":4},"end":{"line":310,"column":7}},"116":{"start":{"line":313,"column":6},"end":{"line":329,"column":9}},"117":{"start":{"line":332,"column":17},"end":{"line":355,"column":11}},"118":{"start":{"line":358,"column":4},"end":{"line":358,"column":19}},"119":{"start":{"line":362,"column":4},"end":{"line":362,"column":56}},"120":{"start":{"line":363,"column":4},"end":{"line":363,"column":54}},"121":{"start":{"line":365,"column":4},"end":{"line":365,"column":37}},"122":{"start":{"line":366,"column":4},"end":{"line":366,"column":17}},"123":{"start":{"line":371,"column":21},"end":{"line":433,"column":1}},"124":{"start":{"line":373,"column":19},"end":{"line":383,"column":3}},"125":{"start":{"line":374,"column":4},"end":{"line":382,"column":7}},"126":{"start":{"line":375,"column":6},"end":{"line":381,"column":9}},"127":{"start":{"line":376,"column":8},"end":{"line":380,"column":9}},"128":{"start":{"line":377,"column":10},"end":{"line":377,"column":22}},"129":{"start":{"line":379,"column":10},"end":{"line":379,"column":26}},"130":{"start":{"line":385,"column":2},"end":{"line":432,"column":3}},"131":{"start":{"line":387,"column":4},"end":{"line":394,"column":5}},"132":{"start":{"line":388,"column":6},"end":{"line":388,"column":83}},"133":{"start":{"line":390,"column":6},"end":{"line":392,"column":7}},"134":{"start":{"line":391,"column":8},"end":{"line":391,"column":18}},"135":{"start":{"line":393,"column":6},"end":{"line":393,"column":57}},"136":{"start":{"line":397,"column":17},"end":{"line":425,"column":6}},"137":{"start":{"line":428,"column":4},"end":{"line":428,"column":19}},"138":{"start":{"line":430,"column":4},"end":{"line":430,"column":37}},"139":{"start":{"line":431,"column":4},"end":{"line":431,"column":17}},"140":{"start":{"line":436,"column":0},"end":{"line":449,"column":1}}},"fnMap":{"0":{"name":"(anonymous_0)","decl":{"start":{"line":13,"column":19},"end":{"line":13,"column":20}},"loc":{"start":{"line":13,"column":28},"end":{"line":13,"column":51}},"line":13},"1":{"name":"(anonymous_1)","decl":{"start":{"line":18,"column":15},"end":{"line":18,"column":16}},"loc":{"start":{"line":18,"column":40},"end":{"line":32,"column":1}},"line":18},"2":{"name":"(anonymous_2)","decl":{"start":{"line":21,"column":5},"end":{"line":21,"column":6}},"loc":{"start":{"line":21,"column":20},"end":{"line":31,"column":3}},"line":21},"3":{"name":"(anonymous_3)","decl":{"start":{"line":35,"column":13},"end":{"line":35,"column":14}},"loc":{"start":{"line":35,"column":38},"end":{"line":45,"column":1}},"line":35},"4":{"name":"(anonymous_4)","decl":{"start":{"line":37,"column":74},"end":{"line":37,"column":75}},"loc":{"start":{"line":37,"column":89},"end":{"line":44,"column":3}},"line":37},"5":{"name":"(anonymous_5)","decl":{"start":{"line":49,"column":19},"end":{"line":49,"column":20}},"loc":{"start":{"line":49,"column":44},"end":{"line":57,"column":1}},"line":49},"6":{"name":"(anonymous_6)","decl":{"start":{"line":54,"column":5},"end":{"line":54,"column":6}},"loc":{"start":{"line":54,"column":20},"end":{"line":56,"column":3}},"line":54},"7":{"name":"(anonymous_7)","decl":{"start":{"line":60,"column":18},"end":{"line":60,"column":19}},"loc":{"start":{"line":60,"column":43},"end":{"line":85,"column":1}},"line":60},"8":{"name":"(anonymous_8)","decl":{"start":{"line":65,"column":84},"end":{"line":65,"column":85}},"loc":{"start":{"line":65,"column":99},"end":{"line":72,"column":5}},"line":65},"9":{"name":"(anonymous_9)","decl":{"start":{"line":74,"column":115},"end":{"line":74,"column":116}},"loc":{"start":{"line":74,"column":130},"end":{"line":81,"column":5}},"line":74},"10":{"name":"(anonymous_10)","decl":{"start":{"line":89,"column":21},"end":{"line":89,"column":22}},"loc":{"start":{"line":89,"column":46},"end":{"line":106,"column":1}},"line":89},"11":{"name":"(anonymous_11)","decl":{"start":{"line":98,"column":167},"end":{"line":98,"column":168}},"loc":{"start":{"line":98,"column":182},"end":{"line":105,"column":5}},"line":98},"12":{"name":"(anonymous_12)","decl":{"start":{"line":110,"column":21},"end":{"line":110,"column":22}},"loc":{"start":{"line":110,"column":46},"end":{"line":115,"column":1}},"line":110},"13":{"name":"(anonymous_13)","decl":{"start":{"line":112,"column":34},"end":{"line":112,"column":35}},"loc":{"start":{"line":112,"column":49},"end":{"line":114,"column":3}},"line":112},"14":{"name":"(anonymous_14)","decl":{"start":{"line":118,"column":21},"end":{"line":118,"column":22}},"loc":{"start":{"line":118,"column":46},"end":{"line":122,"column":1}},"line":118},"15":{"name":"(anonymous_15)","decl":{"start":{"line":119,"column":76},"end":{"line":119,"column":77}},"loc":{"start":{"line":119,"column":91},"end":{"line":121,"column":3}},"line":119},"16":{"name":"(anonymous_16)","decl":{"start":{"line":125,"column":23},"end":{"line":125,"column":24}},"loc":{"start":{"line":125,"column":48},"end":{"line":205,"column":1}},"line":125},"17":{"name":"(anonymous_17)","decl":{"start":{"line":127,"column":19},"end":{"line":127,"column":20}},"loc":{"start":{"line":127,"column":30},"end":{"line":137,"column":3}},"line":127},"18":{"name":"(anonymous_18)","decl":{"start":{"line":128,"column":23},"end":{"line":128,"column":24}},"loc":{"start":{"line":128,"column":44},"end":{"line":136,"column":5}},"line":128},"19":{"name":"(anonymous_19)","decl":{"start":{"line":129,"column":30},"end":{"line":129,"column":31}},"loc":{"start":{"line":129,"column":47},"end":{"line":135,"column":7}},"line":129},"20":{"name":"(anonymous_20)","decl":{"start":{"line":208,"column":22},"end":{"line":208,"column":23}},"loc":{"start":{"line":208,"column":47},"end":{"line":268,"column":1}},"line":208},"21":{"name":"(anonymous_21)","decl":{"start":{"line":210,"column":19},"end":{"line":210,"column":20}},"loc":{"start":{"line":210,"column":30},"end":{"line":220,"column":3}},"line":210},"22":{"name":"(anonymous_22)","decl":{"start":{"line":211,"column":23},"end":{"line":211,"column":24}},"loc":{"start":{"line":211,"column":44},"end":{"line":219,"column":5}},"line":211},"23":{"name":"(anonymous_23)","decl":{"start":{"line":212,"column":30},"end":{"line":212,"column":31}},"loc":{"start":{"line":212,"column":47},"end":{"line":218,"column":7}},"line":212},"24":{"name":"(anonymous_24)","decl":{"start":{"line":270,"column":22},"end":{"line":270,"column":23}},"loc":{"start":{"line":270,"column":47},"end":{"line":368,"column":1}},"line":270},"25":{"name":"(anonymous_25)","decl":{"start":{"line":272,"column":19},"end":{"line":272,"column":20}},"loc":{"start":{"line":272,"column":30},"end":{"line":282,"column":3}},"line":272},"26":{"name":"(anonymous_26)","decl":{"start":{"line":273,"column":23},"end":{"line":273,"column":24}},"loc":{"start":{"line":273,"column":44},"end":{"line":281,"column":5}},"line":273},"27":{"name":"(anonymous_27)","decl":{"start":{"line":274,"column":30},"end":{"line":274,"column":31}},"loc":{"start":{"line":274,"column":47},"end":{"line":280,"column":7}},"line":274},"28":{"name":"(anonymous_28)","decl":{"start":{"line":371,"column":21},"end":{"line":371,"column":22}},"loc":{"start":{"line":371,"column":46},"end":{"line":433,"column":1}},"line":371},"29":{"name":"(anonymous_29)","decl":{"start":{"line":373,"column":19},"end":{"line":373,"column":20}},"loc":{"start":{"line":373,"column":30},"end":{"line":383,"column":3}},"line":373},"30":{"name":"(anonymous_30)","decl":{"start":{"line":374,"column":23},"end":{"line":374,"column":24}},"loc":{"start":{"line":374,"column":44},"end":{"line":382,"column":5}},"line":374},"31":{"name":"(anonymous_31)","decl":{"start":{"line":375,"column":30},"end":{"line":375,"column":31}},"loc":{"start":{"line":375,"column":47},"end":{"line":381,"column":7}},"line":375}},"branchMap":{"0":{"loc":{"start":{"line":13,"column":28},"end":{"line":13,"column":51}},"type":"binary-expr","locations":[{"start":{"line":13,"column":28},"end":{"line":13,"column":31}},{"start":{"line":13,"column":35},"end":{"line":13,"column":51}}],"line":13},"1":{"loc":{"start":{"line":22,"column":4},"end":{"line":30,"column":5}},"type":"if","locations":[{"start":{"line":22,"column":4},"end":{"line":30,"column":5}},{"start":{"line":25,"column":11},"end":{"line":30,"column":5}}],"line":22},"2":{"loc":{"start":{"line":22,"column":8},"end":{"line":22,"column":32}},"type":"binary-expr","locations":[{"start":{"line":22,"column":8},"end":{"line":22,"column":11}},{"start":{"line":22,"column":15},"end":{"line":22,"column":32}}],"line":22},"3":{"loc":{"start":{"line":38,"column":4},"end":{"line":43,"column":5}},"type":"if","locations":[{"start":{"line":38,"column":4},"end":{"line":43,"column":5}},{"start":{"line":41,"column":11},"end":{"line":43,"column":5}}],"line":38},"4":{"loc":{"start":{"line":38,"column":8},"end":{"line":38,"column":32}},"type":"binary-expr","locations":[{"start":{"line":38,"column":8},"end":{"line":38,"column":11}},{"start":{"line":38,"column":15},"end":{"line":38,"column":32}}],"line":38},"5":{"loc":{"start":{"line":62,"column":19},"end":{"line":62,"column":44}},"type":"binary-expr","locations":[{"start":{"line":62,"column":19},"end":{"line":62,"column":38}},{"start":{"line":62,"column":42},"end":{"line":62,"column":44}}],"line":62},"6":{"loc":{"start":{"line":64,"column":2},"end":{"line":84,"column":3}},"type":"if","locations":[{"start":{"line":64,"column":2},"end":{"line":84,"column":3}},{"start":{"line":73,"column":11},"end":{"line":84,"column":3}}],"line":64},"7":{"loc":{"start":{"line":66,"column":6},"end":{"line":71,"column":7}},"type":"if","locations":[{"start":{"line":66,"column":6},"end":{"line":71,"column":7}},{"start":{"line":69,"column":13},"end":{"line":71,"column":7}}],"line":66},"8":{"loc":{"start":{"line":66,"column":10},"end":{"line":66,"column":34}},"type":"binary-expr","locations":[{"start":{"line":66,"column":10},"end":{"line":66,"column":13}},{"start":{"line":66,"column":17},"end":{"line":66,"column":34}}],"line":66},"9":{"loc":{"start":{"line":75,"column":6},"end":{"line":80,"column":7}},"type":"if","locations":[{"start":{"line":75,"column":6},"end":{"line":80,"column":7}},{"start":{"line":78,"column":13},"end":{"line":80,"column":7}}],"line":75},"10":{"loc":{"start":{"line":75,"column":10},"end":{"line":75,"column":34}},"type":"binary-expr","locations":[{"start":{"line":75,"column":10},"end":{"line":75,"column":13}},{"start":{"line":75,"column":17},"end":{"line":75,"column":34}}],"line":75},"11":{"loc":{"start":{"line":90,"column":18},"end":{"line":90,"column":39}},"type":"binary-expr","locations":[{"start":{"line":90,"column":18},"end":{"line":90,"column":33}},{"start":{"line":90,"column":37},"end":{"line":90,"column":39}}],"line":90},"12":{"loc":{"start":{"line":91,"column":24},"end":{"line":91,"column":57}},"type":"binary-expr","locations":[{"start":{"line":91,"column":24},"end":{"line":91,"column":52}},{"start":{"line":91,"column":56},"end":{"line":91,"column":57}}],"line":91},"13":{"loc":{"start":{"line":92,"column":24},"end":{"line":92,"column":59}},"type":"binary-expr","locations":[{"start":{"line":92,"column":24},"end":{"line":92,"column":52}},{"start":{"line":92,"column":56},"end":{"line":92,"column":59}}],"line":92},"14":{"loc":{"start":{"line":93,"column":23},"end":{"line":93,"column":55}},"type":"binary-expr","locations":[{"start":{"line":93,"column":23},"end":{"line":93,"column":50}},{"start":{"line":93,"column":54},"end":{"line":93,"column":55}}],"line":93},"15":{"loc":{"start":{"line":94,"column":23},"end":{"line":94,"column":58}},"type":"binary-expr","locations":[{"start":{"line":94,"column":23},"end":{"line":94,"column":50}},{"start":{"line":94,"column":54},"end":{"line":94,"column":58}}],"line":94},"16":{"loc":{"start":{"line":95,"column":24},"end":{"line":95,"column":51}},"type":"binary-expr","locations":[{"start":{"line":95,"column":24},"end":{"line":95,"column":45}},{"start":{"line":95,"column":49},"end":{"line":95,"column":51}}],"line":95},"17":{"loc":{"start":{"line":99,"column":6},"end":{"line":104,"column":7}},"type":"if","locations":[{"start":{"line":99,"column":6},"end":{"line":104,"column":7}},{"start":{"line":102,"column":13},"end":{"line":104,"column":7}}],"line":99},"18":{"loc":{"start":{"line":99,"column":10},"end":{"line":99,"column":34}},"type":"binary-expr","locations":[{"start":{"line":99,"column":10},"end":{"line":99,"column":13}},{"start":{"line":99,"column":17},"end":{"line":99,"column":34}}],"line":99},"19":{"loc":{"start":{"line":130,"column":8},"end":{"line":134,"column":9}},"type":"if","locations":[{"start":{"line":130,"column":8},"end":{"line":134,"column":9}},{"start":{"line":132,"column":15},"end":{"line":134,"column":9}}],"line":130},"20":{"loc":{"start":{"line":144,"column":6},"end":{"line":146,"column":7}},"type":"if","locations":[{"start":{"line":144,"column":6},"end":{"line":146,"column":7}},{"start":{},"end":{}}],"line":144},"21":{"loc":{"start":{"line":153,"column":6},"end":{"line":155,"column":7}},"type":"if","locations":[{"start":{"line":153,"column":6},"end":{"line":155,"column":7}},{"start":{},"end":{}}],"line":153},"22":{"loc":{"start":{"line":213,"column":8},"end":{"line":217,"column":9}},"type":"if","locations":[{"start":{"line":213,"column":8},"end":{"line":217,"column":9}},{"start":{"line":215,"column":15},"end":{"line":217,"column":9}}],"line":213},"23":{"loc":{"start":{"line":227,"column":6},"end":{"line":229,"column":7}},"type":"if","locations":[{"start":{"line":227,"column":6},"end":{"line":229,"column":7}},{"start":{},"end":{}}],"line":227},"24":{"loc":{"start":{"line":275,"column":8},"end":{"line":279,"column":9}},"type":"if","locations":[{"start":{"line":275,"column":8},"end":{"line":279,"column":9}},{"start":{"line":277,"column":15},"end":{"line":279,"column":9}}],"line":275},"25":{"loc":{"start":{"line":290,"column":6},"end":{"line":292,"column":7}},"type":"if","locations":[{"start":{"line":290,"column":6},"end":{"line":292,"column":7}},{"start":{},"end":{}}],"line":290},"26":{"loc":{"start":{"line":376,"column":8},"end":{"line":380,"column":9}},"type":"if","locations":[{"start":{"line":376,"column":8},"end":{"line":380,"column":9}},{"start":{"line":378,"column":15},"end":{"line":380,"column":9}}],"line":376},"27":{"loc":{"start":{"line":390,"column":6},"end":{"line":392,"column":7}},"type":"if","locations":[{"start":{"line":390,"column":6},"end":{"line":392,"column":7}},{"start":{},"end":{}}],"line":390}},"s":{"0":1,"1":1,"2":1,"3":1,"4":1,"5":1,"6":1,"7":1,"8":0,"9":0,"10":1,"11":1,"12":2,"13":2,"14":2,"15":1,"16":1,"17":1,"18":1,"19":1,"20":1,"21":1,"22":3,"23":3,"24":3,"25":1,"26":1,"27":0,"28":0,"29":1,"30":2,"31":2,"32":1,"33":1,"34":1,"35":1,"36":2,"37":2,"38":2,"39":2,"40":2,"41":2,"42":2,"43":2,"44":1,"45":1,"46":1,"47":1,"48":1,"49":1,"50":1,"51":1,"52":1,"53":1,"54":1,"55":9,"56":9,"57":9,"58":2,"59":7,"60":1,"61":1,"62":1,"63":1,"64":0,"65":1,"66":1,"67":1,"68":1,"69":0,"70":1,"71":1,"72":1,"73":1,"74":1,"75":1,"76":1,"77":1,"78":1,"79":0,"80":0,"81":1,"82":1,"83":4,"84":4,"85":4,"86":1,"87":3,"88":1,"89":1,"90":1,"91":1,"92":0,"93":1,"94":1,"95":1,"96":1,"97":1,"98":0,"99":0,"100":1,"101":1,"102":8,"103":8,"104":8,"105":1,"106":7,"107":1,"108":1,"109":1,"110":1,"111":0,"112":1,"113":1,"114":1,"115":1,"116":1,"117":1,"118":1,"119":1,"120":1,"121":0,"122":0,"123":1,"124":1,"125":2,"126":2,"127":2,"128":1,"129":1,"130":1,"131":1,"132":1,"133":1,"134":0,"135":1,"136":1,"137":1,"138":0,"139":0,"140":1},"f":{"0":1,"1":1,"2":1,"3":2,"4":2,"5":1,"6":1,"7":3,"8":1,"9":2,"10":2,"11":2,"12":1,"13":1,"14":1,"15":1,"16":1,"17":9,"18":9,"19":9,"20":1,"21":4,"22":4,"23":4,"24":1,"25":8,"26":8,"27":8,"28":1,"29":2,"30":2,"31":2},"b":{"0":[1,0],"1":[0,1],"2":[1,1],"3":[1,1],"4":[2,2],"5":[3,2],"6":[1,2],"7":[0,1],"8":[1,1],"9":[1,1],"10":[2,2],"11":[2,0],"12":[2,2],"13":[2,2],"14":[2,2],"15":[2,2],"16":[2,2],"17":[1,1],"18":[2,2],"19":[2,7],"20":[0,1],"21":[0,1],"22":[1,3],"23":[0,1],"24":[1,7],"25":[0,1],"26":[1,1],"27":[0,1]},"_coverageSchema":"1a1c01bbd47fc00a2c39e90264f33305004495a9","hash":"eb087e617b686497d2eb118ab442d3075734a7b7"}
}
