{"C:\\Users\\Zora\\VinoVoyage\\VinoVoyage\\server\\index.js": {"path":"C:\\Users\\Zora\\VinoVoyage\\VinoVoyage\\server\\index.js","statementMap":{"0":{"start":{"line":1,"column":16},"end":{"line":1,"column":34}},"1":{"start":{"line":2,"column":13},"end":{"line":2,"column":28}},"2":{"start":{"line":3,"column":15},"end":{"line":3,"column":34}},"3":{"start":{"line":4,"column":15},"end":{"line":4,"column":34}},"4":{"start":{"line":6,"column":12},"end":{"line":6,"column":21}},"5":{"start":{"line":7,"column":0},"end":{"line":9,"column":4}},"6":{"start":{"line":13,"column":0},"end":{"line":13,"column":34}},"7":{"start":{"line":14,"column":0},"end":{"line":14,"column":37}},"8":{"start":{"line":15,"column":0},"end":{"line":15,"column":42}},"9":{"start":{"line":16,"column":0},"end":{"line":16,"column":40}},"10":{"start":{"line":17,"column":0},"end":{"line":17,"column":46}},"11":{"start":{"line":18,"column":0},"end":{"line":18,"column":46}},"12":{"start":{"line":19,"column":0},"end":{"line":19,"column":46}},"13":{"start":{"line":20,"column":0},"end":{"line":20,"column":50}},"14":{"start":{"line":23,"column":0},"end":{"line":25,"column":3}},"15":{"start":{"line":24,"column":2},"end":{"line":24,"column":86}},"16":{"start":{"line":27,"column":0},"end":{"line":27,"column":21}}},"fnMap":{"0":{"name":"(anonymous_0)","decl":{"start":{"line":23,"column":31},"end":{"line":23,"column":32}},"loc":{"start":{"line":23,"column":37},"end":{"line":25,"column":1}},"line":23}},"branchMap":{},"s":{"0":1,"1":1,"2":1,"3":1,"4":1,"5":1,"6":1,"7":1,"8":1,"9":1,"10":1,"11":1,"12":1,"13":1,"14":1,"15":1,"16":1},"f":{"0":1},"b":{},"_coverageSchema":"1a1c01bbd47fc00a2c39e90264f33305004495a9","hash":"077aec5c5e44306d11cebbe08a7b938bb8740d50"}
,"C:\\Users\\Zora\\VinoVoyage\\VinoVoyage\\server\\routes.js": {"path":"C:\\Users\\Zora\\VinoVoyage\\VinoVoyage\\server\\routes.js","statementMap":{"0":{"start":{"line":1,"column":14},"end":{"line":1,"column":30}},"1":{"start":{"line":2,"column":15},"end":{"line":2,"column":39}},"2":{"start":{"line":6,"column":19},"end":{"line":12,"column":2}},"3":{"start":{"line":13,"column":0},"end":{"line":13,"column":53}},"4":{"start":{"line":13,"column":28},"end":{"line":13,"column":51}},"5":{"start":{"line":18,"column":15},"end":{"line":32,"column":1}},"6":{"start":{"line":19,"column":2},"end":{"line":31,"column":5}},"7":{"start":{"line":22,"column":4},"end":{"line":30,"column":5}},"8":{"start":{"line":23,"column":6},"end":{"line":23,"column":23}},"9":{"start":{"line":24,"column":6},"end":{"line":24,"column":19}},"10":{"start":{"line":26,"column":6},"end":{"line":29,"column":9}},"11":{"start":{"line":35,"column":13},"end":{"line":45,"column":1}},"12":{"start":{"line":36,"column":16},"end":{"line":36,"column":32}},"13":{"start":{"line":37,"column":2},"end":{"line":44,"column":5}},"14":{"start":{"line":38,"column":4},"end":{"line":43,"column":5}},"15":{"start":{"line":39,"column":6},"end":{"line":39,"column":23}},"16":{"start":{"line":40,"column":6},"end":{"line":40,"column":19}},"17":{"start":{"line":42,"column":6},"end":{"line":42,"column":24}},"18":{"start":{"line":49,"column":19},"end":{"line":57,"column":1}},"19":{"start":{"line":50,"column":2},"end":{"line":56,"column":5}},"20":{"start":{"line":55,"column":6},"end":{"line":55,"column":21}},"21":{"start":{"line":60,"column":18},"end":{"line":85,"column":1}},"22":{"start":{"line":61,"column":15},"end":{"line":61,"column":29}},"23":{"start":{"line":62,"column":19},"end":{"line":62,"column":44}},"24":{"start":{"line":64,"column":2},"end":{"line":84,"column":3}},"25":{"start":{"line":65,"column":4},"end":{"line":72,"column":7}},"26":{"start":{"line":66,"column":6},"end":{"line":71,"column":7}},"27":{"start":{"line":67,"column":8},"end":{"line":67,"column":25}},"28":{"start":{"line":68,"column":8},"end":{"line":68,"column":21}},"29":{"start":{"line":70,"column":8},"end":{"line":70,"column":23}},"30":{"start":{"line":74,"column":4},"end":{"line":81,"column":7}},"31":{"start":{"line":75,"column":6},"end":{"line":80,"column":7}},"32":{"start":{"line":76,"column":8},"end":{"line":76,"column":25}},"33":{"start":{"line":77,"column":8},"end":{"line":77,"column":21}},"34":{"start":{"line":79,"column":8},"end":{"line":79,"column":23}},"35":{"start":{"line":89,"column":21},"end":{"line":105,"column":1}},"36":{"start":{"line":90,"column":18},"end":{"line":90,"column":39}},"37":{"start":{"line":91,"column":24},"end":{"line":91,"column":57}},"38":{"start":{"line":92,"column":24},"end":{"line":92,"column":59}},"39":{"start":{"line":93,"column":23},"end":{"line":93,"column":55}},"40":{"start":{"line":94,"column":23},"end":{"line":94,"column":58}},"41":{"start":{"line":96,"column":4},"end":{"line":104,"column":7}},"42":{"start":{"line":98,"column":6},"end":{"line":103,"column":7}},"43":{"start":{"line":99,"column":8},"end":{"line":99,"column":25}},"44":{"start":{"line":100,"column":8},"end":{"line":100,"column":21}},"45":{"start":{"line":102,"column":8},"end":{"line":102,"column":23}},"46":{"start":{"line":109,"column":21},"end":{"line":114,"column":1}},"47":{"start":{"line":110,"column":2},"end":{"line":113,"column":5}},"48":{"start":{"line":112,"column":6},"end":{"line":112,"column":21}},"49":{"start":{"line":117,"column":21},"end":{"line":121,"column":1}},"50":{"start":{"line":118,"column":2},"end":{"line":120,"column":5}},"51":{"start":{"line":119,"column":6},"end":{"line":119,"column":21}},"52":{"start":{"line":124,"column":23},"end":{"line":137,"column":1}},"53":{"start":{"line":125,"column":2},"end":{"line":136,"column":5}},"54":{"start":{"line":135,"column":6},"end":{"line":135,"column":21}},"55":{"start":{"line":140,"column":0},"end":{"line":149,"column":1}}},"fnMap":{"0":{"name":"(anonymous_0)","decl":{"start":{"line":13,"column":19},"end":{"line":13,"column":20}},"loc":{"start":{"line":13,"column":28},"end":{"line":13,"column":51}},"line":13},"1":{"name":"(anonymous_1)","decl":{"start":{"line":18,"column":15},"end":{"line":18,"column":16}},"loc":{"start":{"line":18,"column":40},"end":{"line":32,"column":1}},"line":18},"2":{"name":"(anonymous_2)","decl":{"start":{"line":21,"column":5},"end":{"line":21,"column":6}},"loc":{"start":{"line":21,"column":20},"end":{"line":31,"column":3}},"line":21},"3":{"name":"(anonymous_3)","decl":{"start":{"line":35,"column":13},"end":{"line":35,"column":14}},"loc":{"start":{"line":35,"column":38},"end":{"line":45,"column":1}},"line":35},"4":{"name":"(anonymous_4)","decl":{"start":{"line":37,"column":74},"end":{"line":37,"column":75}},"loc":{"start":{"line":37,"column":89},"end":{"line":44,"column":3}},"line":37},"5":{"name":"(anonymous_5)","decl":{"start":{"line":49,"column":19},"end":{"line":49,"column":20}},"loc":{"start":{"line":49,"column":44},"end":{"line":57,"column":1}},"line":49},"6":{"name":"(anonymous_6)","decl":{"start":{"line":54,"column":5},"end":{"line":54,"column":6}},"loc":{"start":{"line":54,"column":20},"end":{"line":56,"column":3}},"line":54},"7":{"name":"(anonymous_7)","decl":{"start":{"line":60,"column":18},"end":{"line":60,"column":19}},"loc":{"start":{"line":60,"column":43},"end":{"line":85,"column":1}},"line":60},"8":{"name":"(anonymous_8)","decl":{"start":{"line":65,"column":84},"end":{"line":65,"column":85}},"loc":{"start":{"line":65,"column":99},"end":{"line":72,"column":5}},"line":65},"9":{"name":"(anonymous_9)","decl":{"start":{"line":74,"column":115},"end":{"line":74,"column":116}},"loc":{"start":{"line":74,"column":130},"end":{"line":81,"column":5}},"line":74},"10":{"name":"(anonymous_10)","decl":{"start":{"line":89,"column":21},"end":{"line":89,"column":22}},"loc":{"start":{"line":89,"column":46},"end":{"line":105,"column":1}},"line":89},"11":{"name":"(anonymous_11)","decl":{"start":{"line":97,"column":127},"end":{"line":97,"column":128}},"loc":{"start":{"line":97,"column":142},"end":{"line":104,"column":5}},"line":97},"12":{"name":"(anonymous_12)","decl":{"start":{"line":109,"column":21},"end":{"line":109,"column":22}},"loc":{"start":{"line":109,"column":46},"end":{"line":114,"column":1}},"line":109},"13":{"name":"(anonymous_13)","decl":{"start":{"line":111,"column":34},"end":{"line":111,"column":35}},"loc":{"start":{"line":111,"column":49},"end":{"line":113,"column":3}},"line":111},"14":{"name":"(anonymous_14)","decl":{"start":{"line":117,"column":21},"end":{"line":117,"column":22}},"loc":{"start":{"line":117,"column":46},"end":{"line":121,"column":1}},"line":117},"15":{"name":"(anonymous_15)","decl":{"start":{"line":118,"column":76},"end":{"line":118,"column":77}},"loc":{"start":{"line":118,"column":91},"end":{"line":120,"column":3}},"line":118},"16":{"name":"(anonymous_16)","decl":{"start":{"line":124,"column":23},"end":{"line":124,"column":24}},"loc":{"start":{"line":124,"column":48},"end":{"line":137,"column":1}},"line":124},"17":{"name":"(anonymous_17)","decl":{"start":{"line":134,"column":5},"end":{"line":134,"column":6}},"loc":{"start":{"line":134,"column":20},"end":{"line":136,"column":3}},"line":134}},"branchMap":{"0":{"loc":{"start":{"line":13,"column":28},"end":{"line":13,"column":51}},"type":"binary-expr","locations":[{"start":{"line":13,"column":28},"end":{"line":13,"column":31}},{"start":{"line":13,"column":35},"end":{"line":13,"column":51}}],"line":13},"1":{"loc":{"start":{"line":22,"column":4},"end":{"line":30,"column":5}},"type":"if","locations":[{"start":{"line":22,"column":4},"end":{"line":30,"column":5}},{"start":{"line":25,"column":11},"end":{"line":30,"column":5}}],"line":22},"2":{"loc":{"start":{"line":22,"column":8},"end":{"line":22,"column":32}},"type":"binary-expr","locations":[{"start":{"line":22,"column":8},"end":{"line":22,"column":11}},{"start":{"line":22,"column":15},"end":{"line":22,"column":32}}],"line":22},"3":{"loc":{"start":{"line":38,"column":4},"end":{"line":43,"column":5}},"type":"if","locations":[{"start":{"line":38,"column":4},"end":{"line":43,"column":5}},{"start":{"line":41,"column":11},"end":{"line":43,"column":5}}],"line":38},"4":{"loc":{"start":{"line":38,"column":8},"end":{"line":38,"column":32}},"type":"binary-expr","locations":[{"start":{"line":38,"column":8},"end":{"line":38,"column":11}},{"start":{"line":38,"column":15},"end":{"line":38,"column":32}}],"line":38},"5":{"loc":{"start":{"line":62,"column":19},"end":{"line":62,"column":44}},"type":"binary-expr","locations":[{"start":{"line":62,"column":19},"end":{"line":62,"column":38}},{"start":{"line":62,"column":42},"end":{"line":62,"column":44}}],"line":62},"6":{"loc":{"start":{"line":64,"column":2},"end":{"line":84,"column":3}},"type":"if","locations":[{"start":{"line":64,"column":2},"end":{"line":84,"column":3}},{"start":{"line":73,"column":11},"end":{"line":84,"column":3}}],"line":64},"7":{"loc":{"start":{"line":66,"column":6},"end":{"line":71,"column":7}},"type":"if","locations":[{"start":{"line":66,"column":6},"end":{"line":71,"column":7}},{"start":{"line":69,"column":13},"end":{"line":71,"column":7}}],"line":66},"8":{"loc":{"start":{"line":66,"column":10},"end":{"line":66,"column":34}},"type":"binary-expr","locations":[{"start":{"line":66,"column":10},"end":{"line":66,"column":13}},{"start":{"line":66,"column":17},"end":{"line":66,"column":34}}],"line":66},"9":{"loc":{"start":{"line":75,"column":6},"end":{"line":80,"column":7}},"type":"if","locations":[{"start":{"line":75,"column":6},"end":{"line":80,"column":7}},{"start":{"line":78,"column":13},"end":{"line":80,"column":7}}],"line":75},"10":{"loc":{"start":{"line":75,"column":10},"end":{"line":75,"column":34}},"type":"binary-expr","locations":[{"start":{"line":75,"column":10},"end":{"line":75,"column":13}},{"start":{"line":75,"column":17},"end":{"line":75,"column":34}}],"line":75},"11":{"loc":{"start":{"line":90,"column":18},"end":{"line":90,"column":39}},"type":"binary-expr","locations":[{"start":{"line":90,"column":18},"end":{"line":90,"column":33}},{"start":{"line":90,"column":37},"end":{"line":90,"column":39}}],"line":90},"12":{"loc":{"start":{"line":91,"column":24},"end":{"line":91,"column":57}},"type":"binary-expr","locations":[{"start":{"line":91,"column":24},"end":{"line":91,"column":52}},{"start":{"line":91,"column":56},"end":{"line":91,"column":57}}],"line":91},"13":{"loc":{"start":{"line":92,"column":24},"end":{"line":92,"column":59}},"type":"binary-expr","locations":[{"start":{"line":92,"column":24},"end":{"line":92,"column":52}},{"start":{"line":92,"column":56},"end":{"line":92,"column":59}}],"line":92},"14":{"loc":{"start":{"line":93,"column":23},"end":{"line":93,"column":55}},"type":"binary-expr","locations":[{"start":{"line":93,"column":23},"end":{"line":93,"column":50}},{"start":{"line":93,"column":54},"end":{"line":93,"column":55}}],"line":93},"15":{"loc":{"start":{"line":94,"column":23},"end":{"line":94,"column":58}},"type":"binary-expr","locations":[{"start":{"line":94,"column":23},"end":{"line":94,"column":50}},{"start":{"line":94,"column":54},"end":{"line":94,"column":58}}],"line":94},"16":{"loc":{"start":{"line":98,"column":6},"end":{"line":103,"column":7}},"type":"if","locations":[{"start":{"line":98,"column":6},"end":{"line":103,"column":7}},{"start":{"line":101,"column":13},"end":{"line":103,"column":7}}],"line":98},"17":{"loc":{"start":{"line":98,"column":10},"end":{"line":98,"column":34}},"type":"binary-expr","locations":[{"start":{"line":98,"column":10},"end":{"line":98,"column":13}},{"start":{"line":98,"column":17},"end":{"line":98,"column":34}}],"line":98}},"s":{"0":1,"1":1,"2":1,"3":1,"4":1,"5":1,"6":1,"7":1,"8":0,"9":0,"10":1,"11":1,"12":2,"13":2,"14":2,"15":1,"16":1,"17":1,"18":1,"19":1,"20":1,"21":1,"22":3,"23":3,"24":3,"25":1,"26":1,"27":0,"28":0,"29":1,"30":2,"31":2,"32":1,"33":1,"34":1,"35":1,"36":2,"37":2,"38":2,"39":2,"40":2,"41":2,"42":2,"43":1,"44":1,"45":1,"46":1,"47":1,"48":1,"49":1,"50":1,"51":1,"52":1,"53":1,"54":1,"55":1},"f":{"0":1,"1":1,"2":1,"3":2,"4":2,"5":1,"6":1,"7":3,"8":1,"9":2,"10":2,"11":2,"12":1,"13":1,"14":1,"15":1,"16":1,"17":1},"b":{"0":[1,0],"1":[0,1],"2":[1,1],"3":[1,1],"4":[2,2],"5":[3,2],"6":[1,2],"7":[0,1],"8":[1,1],"9":[1,1],"10":[2,2],"11":[2,0],"12":[2,2],"13":[2,2],"14":[2,2],"15":[2,2],"16":[1,1],"17":[2,2]},"_coverageSchema":"1a1c01bbd47fc00a2c39e90264f33305004495a9","hash":"429b403495a8ca6dbc02abd3856d73b9a78b7fef"}
}
