TN:
SF:index.js
FN:26,(anonymous_0)
FNF:1
FNH:1
FNDA:1,(anonymous_0)
DA:1,1
DA:2,1
DA:3,1
DA:4,1
DA:6,1
DA:7,1
DA:13,1
DA:14,1
DA:15,1
DA:16,1
DA:17,1
DA:18,1
DA:19,1
DA:20,1
DA:21,1
DA:22,1
DA:23,1
DA:26,1
DA:27,1
DA:30,1
LF:20
LH:20
BRF:0
BRH:0
end_of_record
TN:
SF:routes.js
FN:13,(anonymous_0)
FN:18,(anonymous_1)
FN:21,(anonymous_2)
FN:35,(anonymous_3)
FN:37,(anonymous_4)
FN:49,(anonymous_5)
FN:54,(anonymous_6)
FN:60,(anonymous_7)
FN:65,(anonymous_8)
FN:74,(anonymous_9)
FN:89,(anonymous_10)
FN:98,(anonymous_11)
FN:110,(anonymous_12)
FN:112,(anonymous_13)
FN:118,(anonymous_14)
FN:119,(anonymous_15)
FN:125,(anonymous_16)
FN:127,(anonymous_17)
FN:128,(anonymous_18)
FN:129,(anonymous_19)
FN:208,(anonymous_20)
FN:210,(anonymous_21)
FN:211,(anonymous_22)
FN:212,(anonymous_23)
FN:270,(anonymous_24)
FN:272,(anonymous_25)
FN:273,(anonymous_26)
FN:274,(anonymous_27)
FN:371,(anonymous_28)
FN:373,(anonymous_29)
FN:374,(anonymous_30)
FN:375,(anonymous_31)
FNF:32
FNH:32
FNDA:1,(anonymous_0)
FNDA:1,(anonymous_1)
FNDA:1,(anonymous_2)
FNDA:2,(anonymous_3)
FNDA:2,(anonymous_4)
FNDA:1,(anonymous_5)
FNDA:1,(anonymous_6)
FNDA:3,(anonymous_7)
FNDA:1,(anonymous_8)
FNDA:2,(anonymous_9)
FNDA:2,(anonymous_10)
FNDA:2,(anonymous_11)
FNDA:1,(anonymous_12)
FNDA:1,(anonymous_13)
FNDA:1,(anonymous_14)
FNDA:1,(anonymous_15)
FNDA:1,(anonymous_16)
FNDA:9,(anonymous_17)
FNDA:9,(anonymous_18)
FNDA:9,(anonymous_19)
FNDA:1,(anonymous_20)
FNDA:4,(anonymous_21)
FNDA:4,(anonymous_22)
FNDA:4,(anonymous_23)
FNDA:1,(anonymous_24)
FNDA:8,(anonymous_25)
FNDA:8,(anonymous_26)
FNDA:8,(anonymous_27)
FNDA:1,(anonymous_28)
FNDA:2,(anonymous_29)
FNDA:2,(anonymous_30)
FNDA:2,(anonymous_31)
DA:1,1
DA:2,1
DA:6,1
DA:13,1
DA:18,1
DA:19,1
DA:22,1
DA:23,0
DA:24,0
DA:26,1
DA:35,1
DA:36,2
DA:37,2
DA:38,2
DA:39,1
DA:40,1
DA:42,1
DA:49,1
DA:50,1
DA:55,1
DA:60,1
DA:61,3
DA:62,3
DA:64,3
DA:65,1
DA:66,1
DA:67,0
DA:68,0
DA:70,1
DA:74,2
DA:75,2
DA:76,1
DA:77,1
DA:79,1
DA:89,1
DA:90,2
DA:91,2
DA:92,2
DA:93,2
DA:94,2
DA:95,2
DA:97,2
DA:99,2
DA:100,1
DA:101,1
DA:103,1
DA:110,1
DA:111,1
DA:113,1
DA:118,1
DA:119,1
DA:120,1
DA:125,1
DA:127,1
DA:128,9
DA:129,9
DA:130,9
DA:131,2
DA:133,7
DA:139,1
DA:141,1
DA:142,1
DA:144,1
DA:145,0
DA:147,1
DA:150,1
DA:151,1
DA:153,1
DA:154,0
DA:156,1
DA:159,1
DA:160,1
DA:163,1
DA:175,1
DA:183,1
DA:195,1
DA:199,1
DA:200,1
DA:202,0
DA:203,0
DA:208,1
DA:210,1
DA:211,4
DA:212,4
DA:213,4
DA:214,1
DA:216,3
DA:222,1
DA:224,1
DA:225,1
DA:227,1
DA:228,0
DA:230,1
DA:234,1
DA:247,1
DA:259,1
DA:263,1
DA:265,0
DA:266,0
DA:270,1
DA:272,1
DA:273,8
DA:274,8
DA:275,8
DA:276,1
DA:278,7
DA:284,1
DA:286,1
DA:287,1
DA:290,1
DA:291,0
DA:293,1
DA:297,1
DA:298,1
DA:301,1
DA:313,1
DA:332,1
DA:358,1
DA:362,1
DA:363,1
DA:365,0
DA:366,0
DA:371,1
DA:373,1
DA:374,2
DA:375,2
DA:376,2
DA:377,1
DA:379,1
DA:385,1
DA:387,1
DA:388,1
DA:390,1
DA:391,0
DA:393,1
DA:397,1
DA:428,1
DA:430,0
DA:431,0
DA:436,1
LF:140
LH:123
BRDA:13,0,0,1
BRDA:13,0,1,0
BRDA:22,1,0,0
BRDA:22,1,1,1
BRDA:22,2,0,1
BRDA:22,2,1,1
BRDA:38,3,0,1
BRDA:38,3,1,1
BRDA:38,4,0,2
BRDA:38,4,1,2
BRDA:62,5,0,3
BRDA:62,5,1,2
BRDA:64,6,0,1
BRDA:64,6,1,2
BRDA:66,7,0,0
BRDA:66,7,1,1
BRDA:66,8,0,1
BRDA:66,8,1,1
BRDA:75,9,0,1
BRDA:75,9,1,1
BRDA:75,10,0,2
BRDA:75,10,1,2
BRDA:90,11,0,2
BRDA:90,11,1,0
BRDA:91,12,0,2
BRDA:91,12,1,2
BRDA:92,13,0,2
BRDA:92,13,1,2
BRDA:93,14,0,2
BRDA:93,14,1,2
BRDA:94,15,0,2
BRDA:94,15,1,2
BRDA:95,16,0,2
BRDA:95,16,1,2
BRDA:99,17,0,1
BRDA:99,17,1,1
BRDA:99,18,0,2
BRDA:99,18,1,2
BRDA:130,19,0,2
BRDA:130,19,1,7
BRDA:144,20,0,0
BRDA:144,20,1,1
BRDA:153,21,0,0
BRDA:153,21,1,1
BRDA:213,22,0,1
BRDA:213,22,1,3
BRDA:227,23,0,0
BRDA:227,23,1,1
BRDA:275,24,0,1
BRDA:275,24,1,7
BRDA:290,25,0,0
BRDA:290,25,1,1
BRDA:376,26,0,1
BRDA:376,26,1,1
BRDA:390,27,0,0
BRDA:390,27,1,1
BRF:56
BRH:47
end_of_record
